[2026-03-25T14:42:59.497Z] [INFO] extension: initWorkspace: logging activated
[2026-03-25T14:42:59.499Z] [INFO] extension: initWorkspace: initialising database
[2026-03-25T14:42:59.500Z] [INFO] IndexService: Loading WASM module (first load)
[2026-03-25T14:42:59.514Z] [INFO] IndexService: initSqlJs: 13.60ms
[2026-03-25T14:42:59.515Z] [INFO] IndexService: initDatabase: creating new in-memory database
[2026-03-25T14:42:59.555Z] [INFO] IndexService: initDatabase: complete
[2026-03-25T14:42:59.612Z] [INFO] IndexScanner: fullScan: starting — 2 files (2 total, 0 filtered)
[2026-03-25T14:42:59.619Z] [INFO] IndexService: indexFileContent: README.md → pageId=1
[2026-03-25T14:42:59.629Z] [INFO] IndexService: indexFileContent: templates/Journal.md → pageId=2
[2026-03-25T14:42:59.631Z] [INFO] IndexScanner: fullScan: 18.66ms
[2026-03-25T14:42:59.632Z] [INFO] IndexScanner: fullScan: complete — 2 files indexed, 0 links found
[2026-03-25T14:42:59.635Z] [INFO] IndexService: saveToFile: wrote 77824 bytes
[2026-03-25T14:42:59.635Z] [INFO] IndexService: saveToFile: 2.41ms
[2026-03-25T14:42:59.636Z] [INFO] extension: initWorkspace: complete — 2 files, 0 links
[2026-03-25T14:42:59.642Z] [INFO] extension: Logging activated
[2026-03-25T14:42:59.643Z] [INFO] extension: enterFullMode: initialising database
[2026-03-25T14:42:59.644Z] [INFO] IndexService: Loading WASM module (first load)
[2026-03-25T14:42:59.644Z] [INFO] IndexService: initSqlJs: 0.02ms
[2026-03-25T14:42:59.645Z] [INFO] IndexService: initDatabase: opening existing file (77824 bytes)
[2026-03-25T14:42:59.648Z] [INFO] IndexService: initDatabase: complete
[2026-03-25T14:42:59.660Z] [INFO] extension: enterFullMode: running stale scan
[2026-03-25T14:42:59.705Z] [INFO] IndexScanner: staleScan: starting — 2 files on disk, 2 in index
[2026-03-25T14:42:59.709Z] [INFO] IndexScanner: staleScan: 3.26ms
[2026-03-25T14:42:59.710Z] [INFO] IndexScanner: staleScan: complete — 0 new, 0 stale, 0 deleted, 2 unchanged
[2026-03-25T14:42:59.713Z] [INFO] completion: cache rebuilt: 2 pages, 0 fwd refs, 0 aliases (2 total)
[2026-03-25T14:42:59.714Z] [INFO] completion: rebuildCache: 1.89ms
[2026-03-25T14:42:59.717Z] [INFO] extension: enterFullMode: complete
[2026-03-25T14:42:59.923Z] [INFO] IndexScanner: staleScan: starting — 2 files on disk, 2 in index
[2026-03-25T14:42:59.927Z] [INFO] IndexScanner: staleScan: 2.78ms
[2026-03-25T14:42:59.928Z] [INFO] IndexScanner: staleScan: complete — 0 new, 0 stale, 0 deleted, 2 unchanged
[2026-03-25T14:45:39.268Z] [INFO] IndexService: indexFileContent: blog/introducing-as-notes.md → pageId=3
[2026-03-25T14:45:39.270Z] [INFO] IndexService: saveToFile: wrote 77824 bytes
[2026-03-25T14:45:39.271Z] [INFO] IndexService: saveToFile: 1.63ms
[2026-03-25T14:45:39.272Z] [INFO] completion: cache rebuilt: 3 pages, 0 fwd refs, 0 aliases (3 total)
[2026-03-25T14:45:39.272Z] [INFO] completion: rebuildCache: 1.37ms
[2026-03-25T14:45:39.833Z] [INFO] decor: cached 0 lines, 0 wikilinks
[2026-03-25T14:45:39.834Z] [INFO] decor: rebuildCache (1 lines): 1.19ms
[2026-03-25T14:45:40.283Z] [INFO] decor: cached 0 lines, 0 wikilinks
[2026-03-25T14:45:40.284Z] [INFO] decor: rebuildCache (1 lines): 1.11ms
[2026-03-25T14:45:40.769Z] [INFO] decor: cached 0 lines, 0 wikilinks
[2026-03-25T14:45:40.770Z] [INFO] decor: rebuildCache (2 lines): 0.95ms
[2026-03-25T14:45:41.200Z] [INFO] decor: cached 0 lines, 0 wikilinks
[2026-03-25T14:45:41.201Z] [INFO] decor: rebuildCache (1 lines): 0.93ms
[2026-03-25T14:45:41.652Z] [INFO] IndexService: indexFileContent: blog/introducing-as-notes.md → pageId=3
[2026-03-25T14:45:41.654Z] [INFO] debounce: indexFileContent + refresh: 3.14ms
[2026-03-25T14:45:41.899Z] [INFO] decor: cached 0 lines, 0 wikilinks
[2026-03-25T14:45:41.900Z] [INFO] decor: rebuildCache (1 lines): 0.78ms
[2026-03-25T14:45:42.355Z] [INFO] IndexService: indexFileContent: blog/introducing-as-notes.md → pageId=3
[2026-03-25T14:45:42.358Z] [INFO] debounce: indexFileContent + refresh: 3.75ms
[2026-03-25T14:45:44.487Z] [INFO] decor: cached 7 lines, 8 wikilinks
[2026-03-25T14:45:44.488Z] [INFO] decor: rebuildCache (140 lines): 2.48ms
[2026-03-25T14:45:44.943Z] [INFO] IndexService: indexFileContent: blog/introducing-as-notes.md → pageId=3
[2026-03-25T14:45:44.945Z] [INFO] debounce: indexFileContent + refresh: 7.29ms
[2026-03-25T14:46:30.343Z] [INFO] IndexService: indexFileContent: blog/introducing-as-notes.md → pageId=3
[2026-03-25T14:46:30.346Z] [INFO] IndexService: saveToFile: wrote 77824 bytes
[2026-03-25T14:46:30.346Z] [INFO] IndexService: saveToFile: 2.00ms
[2026-03-25T14:46:54.065Z] [INFO] decor: cached 0 lines, 0 wikilinks
[2026-03-25T14:46:54.066Z] [INFO] decor: rebuildCache (1 lines): 0.86ms
[2026-03-25T14:46:56.324Z] [INFO] decor: cached 0 lines, 0 wikilinks
[2026-03-25T14:46:56.324Z] [INFO] decor: rebuildCache (1 lines): 0.85ms
[2026-03-25T14:46:56.776Z] [INFO] IndexService: indexFileContent: README.md → pageId=1
[2026-03-25T14:46:56.779Z] [INFO] debounce: indexFileContent + refresh: 3.46ms
[2026-03-25T14:46:57.559Z] [INFO] decor: cached 0 lines, 0 wikilinks
[2026-03-25T14:46:57.559Z] [INFO] decor: rebuildCache (1 lines): 0.75ms
[2026-03-25T14:46:57.700Z] [INFO] decor: cached 0 lines, 0 wikilinks
[2026-03-25T14:46:57.701Z] [INFO] decor: rebuildCache (1 lines): 0.83ms
[2026-03-25T14:46:57.917Z] [INFO] decor: cached 0 lines, 0 wikilinks
[2026-03-25T14:46:57.918Z] [INFO] decor: rebuildCache (1 lines): 0.70ms
[2026-03-25T14:46:58.308Z] [INFO] decor: cached 0 lines, 0 wikilinks
[2026-03-25T14:46:58.308Z] [INFO] decor: rebuildCache (1 lines): 0.75ms
[2026-03-25T14:46:58.385Z] [INFO] decor: cached 0 lines, 0 wikilinks
[2026-03-25T14:46:58.386Z] [INFO] decor: rebuildCache (1 lines): 0.67ms
[2026-03-25T14:46:58.601Z] [INFO] decor: cached 0 lines, 0 wikilinks
[2026-03-25T14:46:58.601Z] [INFO] decor: rebuildCache (1 lines): 0.59ms
[2026-03-25T14:46:58.996Z] [INFO] decor: cached 0 lines, 0 wikilinks
[2026-03-25T14:46:58.997Z] [INFO] decor: rebuildCache (1 lines): 0.76ms
[2026-03-25T14:46:59.463Z] [INFO] decor: cached 0 lines, 0 wikilinks
[2026-03-25T14:46:59.464Z] [INFO] decor: rebuildCache (1 lines): 0.99ms
[2026-03-25T14:46:59.527Z] [INFO] decor: cached 0 lines, 0 wikilinks
[2026-03-25T14:46:59.528Z] [INFO] decor: rebuildCache (1 lines): 0.72ms
[2026-03-25T14:46:59.590Z] [INFO] decor: cached 0 lines, 0 wikilinks
[2026-03-25T14:46:59.591Z] [INFO] decor: rebuildCache (1 lines): 0.78ms
[2026-03-25T14:46:59.667Z] [INFO] decor: cached 0 lines, 0 wikilinks
[2026-03-25T14:46:59.668Z] [INFO] decor: rebuildCache (1 lines): 0.81ms
[2026-03-25T14:47:00.059Z] [INFO] decor: cached 0 lines, 0 wikilinks
[2026-03-25T14:47:00.060Z] [INFO] decor: rebuildCache (1 lines): 0.88ms
[2026-03-25T14:47:00.247Z] [INFO] decor: cached 0 lines, 0 wikilinks
[2026-03-25T14:47:00.247Z] [INFO] decor: rebuildCache (1 lines): 0.83ms
[2026-03-25T14:47:00.452Z] [INFO] decor: cached 0 lines, 0 wikilinks
[2026-03-25T14:47:00.453Z] [INFO] decor: rebuildCache (1 lines): 1.03ms
[2026-03-25T14:47:00.577Z] [INFO] decor: cached 0 lines, 0 wikilinks
[2026-03-25T14:47:00.577Z] [INFO] decor: rebuildCache (1 lines): 0.78ms
[2026-03-25T14:47:01.022Z] [INFO] decor: cached 0 lines, 0 wikilinks
[2026-03-25T14:47:01.024Z] [INFO] decor: rebuildCache (2 lines): 1.79ms
[2026-03-25T14:47:01.208Z] [INFO] decor: cached 0 lines, 0 wikilinks
[2026-03-25T14:47:01.208Z] [INFO] decor: rebuildCache (3 lines): 0.92ms
[2026-03-25T14:47:01.705Z] [INFO] decor: cached 0 lines, 0 wikilinks
[2026-03-25T14:47:01.706Z] [INFO] decor: rebuildCache (3 lines): 0.94ms
[2026-03-25T14:47:01.891Z] [INFO] decor: cached 0 lines, 0 wikilinks
[2026-03-25T14:47:01.892Z] [INFO] decor: rebuildCache (3 lines): 0.94ms
[2026-03-25T14:47:02.032Z] [INFO] decor: cached 0 lines, 0 wikilinks
[2026-03-25T14:47:02.033Z] [INFO] decor: rebuildCache (3 lines): 0.93ms
[2026-03-25T14:47:02.521Z] [INFO] decor: cached 0 lines, 0 wikilinks
[2026-03-25T14:47:02.522Z] [INFO] decor: rebuildCache (3 lines): 0.78ms
[2026-03-25T14:47:02.661Z] [INFO] decor: cached 0 lines, 0 wikilinks
[2026-03-25T14:47:02.662Z] [INFO] decor: rebuildCache (3 lines): 0.70ms
[2026-03-25T14:47:02.799Z] [INFO] decor: cached 0 lines, 0 wikilinks
[2026-03-25T14:47:02.800Z] [INFO] decor: rebuildCache (3 lines): 0.80ms
[2026-03-25T14:47:02.893Z] [INFO] decor: cached 0 lines, 0 wikilinks
[2026-03-25T14:47:02.894Z] [INFO] decor: rebuildCache (3 lines): 0.78ms
[2026-03-25T14:47:03.004Z] [INFO] decor: cached 0 lines, 0 wikilinks
[2026-03-25T14:47:03.005Z] [INFO] decor: rebuildCache (3 lines): 0.85ms
[2026-03-25T14:47:03.067Z] [INFO] decor: cached 0 lines, 0 wikilinks
[2026-03-25T14:47:03.067Z] [INFO] decor: rebuildCache (3 lines): 0.86ms
[2026-03-25T14:47:03.130Z] [INFO] decor: cached 0 lines, 0 wikilinks
[2026-03-25T14:47:03.131Z] [INFO] decor: rebuildCache (3 lines): 0.69ms
[2026-03-25T14:47:03.583Z] [INFO] IndexService: indexFileContent: README.md → pageId=1
[2026-03-25T14:47:03.585Z] [INFO] debounce: indexFileContent + refresh: 2.95ms
[2026-03-25T14:47:04.582Z] [INFO] decor: cached 0 lines, 0 wikilinks
[2026-03-25T14:47:04.583Z] [INFO] decor: rebuildCache (3 lines): 0.68ms
[2026-03-25T14:47:04.676Z] [INFO] decor: cached 0 lines, 0 wikilinks
[2026-03-25T14:47:04.677Z] [INFO] decor: rebuildCache (3 lines): 0.70ms
[2026-03-25T14:47:05.113Z] [INFO] decor: cached 0 lines, 0 wikilinks
[2026-03-25T14:47:05.114Z] [INFO] decor: rebuildCache (3 lines): 0.71ms
[2026-03-25T14:47:05.523Z] [INFO] decor: cached 0 lines, 0 wikilinks
[2026-03-25T14:47:05.523Z] [INFO] decor: rebuildCache (3 lines): 0.66ms
[2026-03-25T14:47:05.678Z] [INFO] decor: cached 0 lines, 0 wikilinks
[2026-03-25T14:47:05.679Z] [INFO] decor: rebuildCache (3 lines): 0.66ms
[2026-03-25T14:47:06.025Z] [INFO] decor: cached 0 lines, 0 wikilinks
[2026-03-25T14:47:06.025Z] [INFO] decor: rebuildCache (3 lines): 0.68ms
[2026-03-25T14:47:06.478Z] [INFO] IndexService: indexFileContent: README.md → pageId=1
[2026-03-25T14:47:06.480Z] [INFO] debounce: indexFileContent + refresh: 2.73ms
[2026-03-25T14:47:07.120Z] [INFO] decor: cached 0 lines, 0 wikilinks
[2026-03-25T14:47:07.120Z] [INFO] decor: rebuildCache (3 lines): 0.72ms
[2026-03-25T14:47:07.321Z] [INFO] decor: cached 0 lines, 0 wikilinks
[2026-03-25T14:47:07.322Z] [INFO] decor: rebuildCache (3 lines): 0.65ms
[2026-03-25T14:47:07.513Z] [INFO] decor: cached 0 lines, 0 wikilinks
[2026-03-25T14:47:07.513Z] [INFO] decor: rebuildCache (3 lines): 0.91ms
[2026-03-25T14:47:07.639Z] [INFO] decor: cached 0 lines, 0 wikilinks
[2026-03-25T14:47:07.640Z] [INFO] decor: rebuildCache (3 lines): 0.72ms
[2026-03-25T14:47:07.749Z] [INFO] decor: cached 0 lines, 0 wikilinks
[2026-03-25T14:47:07.749Z] [INFO] decor: rebuildCache (3 lines): 0.77ms
[2026-03-25T14:47:07.811Z] [INFO] decor: cached 0 lines, 0 wikilinks
[2026-03-25T14:47:07.811Z] [INFO] decor: rebuildCache (3 lines): 0.68ms
[2026-03-25T14:47:07.985Z] [INFO] decor: cached 0 lines, 0 wikilinks
[2026-03-25T14:47:07.985Z] [INFO] decor: rebuildCache (3 lines): 0.67ms
[2026-03-25T14:47:08.063Z] [INFO] decor: cached 0 lines, 0 wikilinks
[2026-03-25T14:47:08.064Z] [INFO] decor: rebuildCache (3 lines): 0.86ms
[2026-03-25T14:47:08.219Z] [INFO] decor: cached 0 lines, 0 wikilinks
[2026-03-25T14:47:08.220Z] [INFO] decor: rebuildCache (3 lines): 0.78ms
[2026-03-25T14:47:08.298Z] [INFO] decor: cached 0 lines, 0 wikilinks
[2026-03-25T14:47:08.299Z] [INFO] decor: rebuildCache (3 lines): 0.78ms
[2026-03-25T14:47:08.456Z] [INFO] decor: cached 0 lines, 0 wikilinks
[2026-03-25T14:47:08.457Z] [INFO] decor: rebuildCache (3 lines): 0.80ms
[2026-03-25T14:47:08.899Z] [INFO] IndexService: indexFileContent: README.md → pageId=1
[2026-03-25T14:47:08.901Z] [INFO] debounce: indexFileContent + refresh: 2.60ms
[2026-03-25T14:47:08.976Z] [INFO] decor: cached 0 lines, 0 wikilinks
[2026-03-25T14:47:08.977Z] [INFO] decor: rebuildCache (3 lines): 0.78ms
[2026-03-25T14:47:09.191Z] [INFO] decor: cached 0 lines, 0 wikilinks
[2026-03-25T14:47:09.191Z] [INFO] decor: rebuildCache (4 lines): 0.61ms
[2026-03-25T14:47:09.319Z] [INFO] decor: cached 0 lines, 0 wikilinks
[2026-03-25T14:47:09.320Z] [INFO] decor: rebuildCache (5 lines): 1.06ms
[2026-03-25T14:47:09.818Z] [INFO] decor: cached 0 lines, 0 wikilinks
[2026-03-25T14:47:09.819Z] [INFO] decor: rebuildCache (5 lines): 0.77ms
[2026-03-25T14:47:10.007Z] [INFO] decor: cached 0 lines, 0 wikilinks
[2026-03-25T14:47:10.008Z] [INFO] decor: rebuildCache (5 lines): 1.30ms
[2026-03-25T14:47:10.134Z] [INFO] decor: cached 0 lines, 0 wikilinks
[2026-03-25T14:47:10.135Z] [INFO] decor: rebuildCache (5 lines): 0.73ms
[2026-03-25T14:47:10.260Z] [INFO] decor: cached 0 lines, 0 wikilinks
[2026-03-25T14:47:10.261Z] [INFO] decor: rebuildCache (5 lines): 0.67ms
[2026-03-25T14:47:10.355Z] [INFO] decor: cached 0 lines, 0 wikilinks
[2026-03-25T14:47:10.356Z] [INFO] decor: rebuildCache (5 lines): 0.78ms
[2026-03-25T14:47:10.542Z] [INFO] decor: cached 0 lines, 0 wikilinks
[2026-03-25T14:47:10.542Z] [INFO] decor: rebuildCache (5 lines): 0.68ms
[2026-03-25T14:47:10.637Z] [INFO] decor: cached 0 lines, 0 wikilinks
[2026-03-25T14:47:10.638Z] [INFO] decor: rebuildCache (5 lines): 0.70ms
[2026-03-25T14:47:10.824Z] [INFO] decor: cached 0 lines, 0 wikilinks
[2026-03-25T14:47:10.824Z] [INFO] decor: rebuildCache (5 lines): 0.65ms
[2026-03-25T14:47:11.027Z] [INFO] decor: cached 0 lines, 0 wikilinks
[2026-03-25T14:47:11.028Z] [INFO] decor: rebuildCache (5 lines): 0.69ms
[2026-03-25T14:47:11.169Z] [INFO] decor: cached 0 lines, 0 wikilinks
[2026-03-25T14:47:11.170Z] [INFO] decor: rebuildCache (5 lines): 0.72ms
[2026-03-25T14:47:11.326Z] [INFO] decor: cached 0 lines, 0 wikilinks
[2026-03-25T14:47:11.327Z] [INFO] decor: rebuildCache (5 lines): 0.85ms
[2026-03-25T14:47:11.419Z] [INFO] decor: cached 0 lines, 0 wikilinks
[2026-03-25T14:47:11.420Z] [INFO] decor: rebuildCache (5 lines): 0.79ms
[2026-03-25T14:47:11.668Z] [INFO] decor: cached 0 lines, 0 wikilinks
[2026-03-25T14:47:11.669Z] [INFO] decor: rebuildCache (5 lines): 0.79ms
[2026-03-25T14:47:11.762Z] [INFO] decor: cached 0 lines, 0 wikilinks
[2026-03-25T14:47:11.763Z] [INFO] decor: rebuildCache (5 lines): 0.71ms
[2026-03-25T14:47:11.887Z] [INFO] decor: cached 0 lines, 0 wikilinks
[2026-03-25T14:47:11.889Z] [INFO] decor: rebuildCache (5 lines): 1.68ms
[2026-03-25T14:47:12.092Z] [INFO] decor: cached 0 lines, 0 wikilinks
[2026-03-25T14:47:12.092Z] [INFO] decor: rebuildCache (5 lines): 0.76ms
[2026-03-25T14:47:12.546Z] [INFO] IndexService: indexFileContent: README.md → pageId=1
[2026-03-25T14:47:12.549Z] [INFO] debounce: indexFileContent + refresh: 3.39ms
[2026-03-25T14:47:12.639Z] [INFO] decor: cached 0 lines, 0 wikilinks
[2026-03-25T14:47:12.639Z] [INFO] decor: rebuildCache (5 lines): 0.70ms
[2026-03-25T14:47:13.048Z] [INFO] decor: cached 0 lines, 0 wikilinks
[2026-03-25T14:47:13.048Z] [INFO] decor: rebuildCache (5 lines): 0.75ms
[2026-03-25T14:47:13.142Z] [INFO] decor: cached 0 lines, 0 wikilinks
[2026-03-25T14:47:13.143Z] [INFO] decor: rebuildCache (5 lines): 0.89ms
[2026-03-25T14:47:13.235Z] [INFO] decor: cached 0 lines, 0 wikilinks
[2026-03-25T14:47:13.235Z] [INFO] decor: rebuildCache (5 lines): 0.70ms
[2026-03-25T14:47:13.343Z] [INFO] decor: cached 0 lines, 0 wikilinks
[2026-03-25T14:47:13.345Z] [INFO] decor: rebuildCache (5 lines): 1.18ms
[2026-03-25T14:47:13.422Z] [INFO] decor: cached 0 lines, 0 wikilinks
[2026-03-25T14:47:13.422Z] [INFO] decor: rebuildCache (5 lines): 0.70ms
[2026-03-25T14:47:13.531Z] [INFO] decor: cached 0 lines, 0 wikilinks
[2026-03-25T14:47:13.532Z] [INFO] decor: rebuildCache (5 lines): 0.77ms
[2026-03-25T14:47:13.983Z] [INFO] IndexService: indexFileContent: README.md → pageId=1
[2026-03-25T14:47:13.985Z] [INFO] debounce: indexFileContent + refresh: 2.55ms
[2026-03-25T14:47:14.171Z] [INFO] decor: cached 0 lines, 0 wikilinks
[2026-03-25T14:47:14.172Z] [INFO] decor: rebuildCache (5 lines): 0.68ms
[2026-03-25T14:47:14.313Z] [INFO] decor: cached 0 lines, 0 wikilinks
[2026-03-25T14:47:14.314Z] [INFO] decor: rebuildCache (5 lines): 0.79ms
[2026-03-25T14:47:14.453Z] [INFO] decor: cached 0 lines, 0 wikilinks
[2026-03-25T14:47:14.454Z] [INFO] decor: rebuildCache (5 lines): 0.87ms
[2026-03-25T14:47:14.578Z] [INFO] decor: cached 0 lines, 0 wikilinks
[2026-03-25T14:47:14.579Z] [INFO] decor: rebuildCache (5 lines): 0.94ms
[2026-03-25T14:47:14.656Z] [INFO] decor: cached 0 lines, 0 wikilinks
[2026-03-25T14:47:14.657Z] [INFO] decor: rebuildCache (5 lines): 0.76ms
[2026-03-25T14:47:15.095Z] [INFO] IndexService: indexFileContent: README.md → pageId=1
[2026-03-25T14:47:15.096Z] [INFO] debounce: indexFileContent + refresh: 2.37ms
[2026-03-25T14:47:15.331Z] [INFO] decor: cached 0 lines, 0 wikilinks
[2026-03-25T14:47:15.332Z] [INFO] decor: rebuildCache (5 lines): 0.77ms
[2026-03-25T14:47:15.583Z] [INFO] decor: cached 0 lines, 0 wikilinks
[2026-03-25T14:47:15.584Z] [INFO] decor: rebuildCache (5 lines): 0.68ms
[2026-03-25T14:47:15.708Z] [INFO] decor: cached 0 lines, 0 wikilinks
[2026-03-25T14:47:15.709Z] [INFO] decor: rebuildCache (5 lines): 0.82ms
[2026-03-25T14:47:16.149Z] [INFO] IndexService: indexFileContent: README.md → pageId=1
[2026-03-25T14:47:16.150Z] [INFO] debounce: indexFileContent + refresh: 2.57ms
[2026-03-25T14:47:16.887Z] [INFO] decor: cached 0 lines, 0 wikilinks
[2026-03-25T14:47:16.888Z] [INFO] decor: rebuildCache (5 lines): 0.66ms
[2026-03-25T14:47:17.123Z] [INFO] decor: cached 0 lines, 0 wikilinks
[2026-03-25T14:47:17.124Z] [INFO] decor: rebuildCache (5 lines): 1.08ms
[2026-03-25T14:47:17.484Z] [INFO] decor: cached 0 lines, 0 wikilinks
[2026-03-25T14:47:17.485Z] [INFO] decor: rebuildCache (5 lines): 0.75ms
[2026-03-25T14:47:17.627Z] [INFO] decor: cached 0 lines, 0 wikilinks
[2026-03-25T14:47:17.627Z] [INFO] decor: rebuildCache (5 lines): 0.75ms
[2026-03-25T14:47:17.930Z] [INFO] decor: cached 0 lines, 0 wikilinks
[2026-03-25T14:47:17.931Z] [INFO] decor: rebuildCache (5 lines): 0.67ms
[2026-03-25T14:47:18.066Z] [INFO] decor: cached 0 lines, 0 wikilinks
[2026-03-25T14:47:18.067Z] [INFO] decor: rebuildCache (5 lines): 0.87ms
[2026-03-25T14:47:18.315Z] [INFO] decor: cached 0 lines, 0 wikilinks
[2026-03-25T14:47:18.316Z] [INFO] decor: rebuildCache (5 lines): 0.73ms
[2026-03-25T14:47:18.755Z] [INFO] IndexService: indexFileContent: README.md → pageId=1
[2026-03-25T14:47:18.757Z] [INFO] debounce: indexFileContent + refresh: 3.00ms
[2026-03-25T14:47:20.164Z] [INFO] decor: cached 0 lines, 0 wikilinks
[2026-03-25T14:47:20.165Z] [INFO] decor: rebuildCache (5 lines): 0.76ms
[2026-03-25T14:47:20.304Z] [INFO] decor: cached 0 lines, 0 wikilinks
[2026-03-25T14:47:20.305Z] [INFO] decor: rebuildCache (5 lines): 0.78ms
[2026-03-25T14:47:20.523Z] [INFO] decor: cached 0 lines, 0 wikilinks
[2026-03-25T14:47:20.524Z] [INFO] decor: rebuildCache (5 lines): 0.63ms
[2026-03-25T14:47:20.667Z] [INFO] decor: cached 0 lines, 0 wikilinks
[2026-03-25T14:47:20.668Z] [INFO] decor: rebuildCache (5 lines): 0.82ms
[2026-03-25T14:47:20.746Z] [INFO] decor: cached 0 lines, 0 wikilinks
[2026-03-25T14:47:20.747Z] [INFO] decor: rebuildCache (5 lines): 0.66ms
[2026-03-25T14:47:21.011Z] [INFO] decor: cached 0 lines, 0 wikilinks
[2026-03-25T14:47:21.011Z] [INFO] decor: rebuildCache (5 lines): 0.70ms
[2026-03-25T14:47:21.151Z] [INFO] decor: cached 0 lines, 0 wikilinks
[2026-03-25T14:47:21.151Z] [INFO] decor: rebuildCache (5 lines): 0.72ms
[2026-03-25T14:47:21.244Z] [INFO] decor: cached 0 lines, 0 wikilinks
[2026-03-25T14:47:21.245Z] [INFO] decor: rebuildCache (5 lines): 0.73ms
[2026-03-25T14:47:21.383Z] [INFO] decor: cached 0 lines, 0 wikilinks
[2026-03-25T14:47:21.384Z] [INFO] decor: rebuildCache (5 lines): 0.74ms
[2026-03-25T14:47:21.475Z] [INFO] decor: cached 0 lines, 0 wikilinks
[2026-03-25T14:47:21.476Z] [INFO] decor: rebuildCache (5 lines): 0.72ms
[2026-03-25T14:47:21.569Z] [INFO] decor: cached 0 lines, 0 wikilinks
[2026-03-25T14:47:21.570Z] [INFO] decor: rebuildCache (5 lines): 0.89ms
[2026-03-25T14:47:21.791Z] [INFO] decor: cached 0 lines, 0 wikilinks
[2026-03-25T14:47:21.791Z] [INFO] decor: rebuildCache (5 lines): 0.64ms
[2026-03-25T14:47:21.942Z] [INFO] decor: cached 0 lines, 0 wikilinks
[2026-03-25T14:47:21.943Z] [INFO] decor: rebuildCache (5 lines): 0.73ms
[2026-03-25T14:47:22.036Z] [INFO] decor: cached 0 lines, 0 wikilinks
[2026-03-25T14:47:22.037Z] [INFO] decor: rebuildCache (5 lines): 1.46ms
[2026-03-25T14:47:22.191Z] [INFO] decor: cached 0 lines, 0 wikilinks
[2026-03-25T14:47:22.192Z] [INFO] decor: rebuildCache (5 lines): 0.80ms
[2026-03-25T14:47:22.333Z] [INFO] decor: cached 0 lines, 0 wikilinks
[2026-03-25T14:47:22.334Z] [INFO] decor: rebuildCache (5 lines): 1.02ms
[2026-03-25T14:47:22.425Z] [INFO] decor: cached 0 lines, 0 wikilinks
[2026-03-25T14:47:22.426Z] [INFO] decor: rebuildCache (5 lines): 0.80ms
[2026-03-25T14:47:22.551Z] [INFO] decor: cached 0 lines, 0 wikilinks
[2026-03-25T14:47:22.552Z] [INFO] decor: rebuildCache (5 lines): 1.11ms
[2026-03-25T14:47:22.723Z] [INFO] decor: cached 0 lines, 0 wikilinks
[2026-03-25T14:47:22.723Z] [INFO] decor: rebuildCache (5 lines): 0.79ms
[2026-03-25T14:47:22.784Z] [INFO] decor: cached 0 lines, 0 wikilinks
[2026-03-25T14:47:22.794Z] [INFO] decor: rebuildCache (5 lines): 10.12ms
[2026-03-25T14:47:23.068Z] [INFO] decor: cached 0 lines, 0 wikilinks
[2026-03-25T14:47:23.068Z] [INFO] decor: rebuildCache (5 lines): 0.90ms
[2026-03-25T14:47:23.177Z] [INFO] decor: cached 0 lines, 0 wikilinks
[2026-03-25T14:47:23.177Z] [INFO] decor: rebuildCache (5 lines): 0.68ms
[2026-03-25T14:47:23.333Z] [INFO] decor: cached 0 lines, 0 wikilinks
[2026-03-25T14:47:23.334Z] [INFO] decor: rebuildCache (5 lines): 0.80ms
[2026-03-25T14:47:23.787Z] [INFO] IndexService: indexFileContent: README.md → pageId=1
[2026-03-25T14:47:23.788Z] [INFO] debounce: indexFileContent + refresh: 2.44ms
[2026-03-25T14:47:24.492Z] [INFO] decor: cached 0 lines, 0 wikilinks
[2026-03-25T14:47:24.493Z] [INFO] decor: rebuildCache (5 lines): 0.77ms
[2026-03-25T14:47:24.633Z] [INFO] decor: cached 0 lines, 0 wikilinks
[2026-03-25T14:47:24.634Z] [INFO] decor: rebuildCache (5 lines): 1.03ms
[2026-03-25T14:47:25.074Z] [INFO] IndexService: indexFileContent: README.md → pageId=1
[2026-03-25T14:47:25.075Z] [INFO] debounce: indexFileContent + refresh: 2.41ms
[2026-03-25T14:47:25.353Z] [INFO] decor: cached 0 lines, 0 wikilinks
[2026-03-25T14:47:25.354Z] [INFO] decor: rebuildCache (5 lines): 0.72ms
[2026-03-25T14:47:25.824Z] [INFO] decor: cached 0 lines, 0 wikilinks
[2026-03-25T14:47:25.824Z] [INFO] decor: rebuildCache (5 lines): 0.73ms
[2026-03-25T14:47:25.947Z] [INFO] decor: cached 0 lines, 0 wikilinks
[2026-03-25T14:47:25.948Z] [INFO] decor: rebuildCache (5 lines): 0.73ms
[2026-03-25T14:47:26.027Z] [INFO] decor: cached 0 lines, 0 wikilinks
[2026-03-25T14:47:26.027Z] [INFO] decor: rebuildCache (5 lines): 0.72ms
[2026-03-25T14:47:26.105Z] [INFO] decor: cached 0 lines, 0 wikilinks
[2026-03-25T14:47:26.106Z] [INFO] decor: rebuildCache (5 lines): 0.65ms
[2026-03-25T14:47:26.200Z] [INFO] decor: cached 0 lines, 0 wikilinks
[2026-03-25T14:47:26.201Z] [INFO] decor: rebuildCache (5 lines): 1.06ms
[2026-03-25T14:47:26.435Z] [INFO] decor: cached 0 lines, 0 wikilinks
[2026-03-25T14:47:26.436Z] [INFO] decor: rebuildCache (5 lines): 0.63ms
[2026-03-25T14:47:26.592Z] [INFO] decor: cached 0 lines, 0 wikilinks
[2026-03-25T14:47:26.593Z] [INFO] decor: rebuildCache (5 lines): 0.78ms
[2026-03-25T14:47:26.701Z] [INFO] decor: cached 0 lines, 0 wikilinks
[2026-03-25T14:47:26.702Z] [INFO] decor: rebuildCache (5 lines): 0.89ms
[2026-03-25T14:47:26.781Z] [INFO] decor: cached 0 lines, 0 wikilinks
[2026-03-25T14:47:26.781Z] [INFO] decor: rebuildCache (5 lines): 0.72ms
[2026-03-25T14:47:26.845Z] [INFO] decor: cached 0 lines, 0 wikilinks
[2026-03-25T14:47:26.845Z] [INFO] decor: rebuildCache (5 lines): 0.74ms
[2026-03-25T14:47:27.146Z] [INFO] IndexService: indexFileContent: README.md → pageId=1
[2026-03-25T14:47:27.148Z] [INFO] IndexService: saveToFile: wrote 77824 bytes
[2026-03-25T14:47:27.149Z] [INFO] IndexService: saveToFile: 1.59ms
[2026-03-25T14:47:27.150Z] [INFO] completion: cache rebuilt: 3 pages, 8 fwd refs, 0 aliases (11 total)
[2026-03-25T14:47:27.151Z] [INFO] completion: rebuildCache: 1.52ms
[2026-03-25T14:47:27.187Z] [INFO] decor: cached 0 lines, 0 wikilinks
[2026-03-25T14:47:27.188Z] [INFO] decor: rebuildCache (6 lines): 0.68ms
[2026-03-25T14:47:27.627Z] [INFO] IndexService: indexFileContent: README.md → pageId=1
[2026-03-25T14:47:27.629Z] [INFO] debounce: indexFileContent + refresh: 2.14ms
[2026-03-25T14:47:27.877Z] [INFO] decor: cached 0 lines, 0 wikilinks
[2026-03-25T14:47:27.877Z] [INFO] decor: rebuildCache (6 lines): 0.78ms
[2026-03-25T14:47:28.030Z] [INFO] IndexService: indexFileContent: README.md → pageId=1
[2026-03-25T14:47:28.033Z] [INFO] IndexService: saveToFile: wrote 77824 bytes
[2026-03-25T14:47:28.034Z] [INFO] IndexService: saveToFile: 2.62ms
[2026-03-25T14:47:28.035Z] [INFO] completion: cache rebuilt: 3 pages, 8 fwd refs, 0 aliases (11 total)
[2026-03-25T14:47:28.036Z] [INFO] completion: rebuildCache: 1.14ms
[2026-03-25T14:47:28.077Z] [INFO] decor: cached 0 lines, 0 wikilinks
[2026-03-25T14:47:28.078Z] [INFO] decor: rebuildCache (7 lines): 0.67ms
[2026-03-25T14:47:28.516Z] [INFO] IndexService: indexFileContent: README.md → pageId=1
[2026-03-25T14:47:28.518Z] [INFO] debounce: indexFileContent + refresh: 2.28ms
[2026-03-25T14:47:28.797Z] [INFO] decor: cached 0 lines, 0 wikilinks
[2026-03-25T14:47:28.798Z] [INFO] decor: rebuildCache (6 lines): 0.75ms
[2026-03-25T14:47:28.952Z] [INFO] decor: cached 0 lines, 0 wikilinks
[2026-03-25T14:47:28.953Z] [INFO] decor: rebuildCache (6 lines): 0.65ms
[2026-03-25T14:47:29.108Z] [INFO] decor: cached 0 lines, 0 wikilinks
[2026-03-25T14:47:29.109Z] [INFO] decor: rebuildCache (5 lines): 0.92ms
[2026-03-25T14:47:29.561Z] [INFO] IndexService: indexFileContent: README.md → pageId=1
[2026-03-25T14:47:29.563Z] [INFO] debounce: indexFileContent + refresh: 2.97ms
[2026-03-25T14:47:29.921Z] [INFO] decor: cached 0 lines, 0 wikilinks
[2026-03-25T14:47:29.922Z] [INFO] decor: rebuildCache (5 lines): 0.73ms
[2026-03-25T14:47:30.031Z] [INFO] decor: cached 0 lines, 0 wikilinks
[2026-03-25T14:47:30.032Z] [INFO] decor: rebuildCache (6 lines): 1.06ms
[2026-03-25T14:47:30.093Z] [INFO] IndexService: indexFileContent: README.md → pageId=1
[2026-03-25T14:47:30.095Z] [INFO] IndexService: saveToFile: wrote 77824 bytes
[2026-03-25T14:47:30.095Z] [INFO] IndexService: saveToFile: 1.43ms
[2026-03-25T14:47:30.096Z] [INFO] completion: cache rebuilt: 3 pages, 8 fwd refs, 0 aliases (11 total)
[2026-03-25T14:47:30.097Z] [INFO] completion: rebuildCache: 1.20ms
[2026-03-25T14:47:30.124Z] [INFO] decor: cached 0 lines, 0 wikilinks
[2026-03-25T14:47:30.125Z] [INFO] decor: rebuildCache (6 lines): 0.72ms
[2026-03-25T14:47:30.567Z] [INFO] IndexService: indexFileContent: README.md → pageId=1
[2026-03-25T14:47:30.570Z] [INFO] debounce: indexFileContent + refresh: 6.50ms
[2026-03-25T14:47:59.719Z] [INFO] extension: periodicScan: tick starting
[2026-03-25T14:47:59.756Z] [INFO] IndexScanner: staleScan: starting — 3 files on disk, 3 in index
[2026-03-25T14:47:59.759Z] [INFO] IndexScanner: staleScan: 1.90ms
[2026-03-25T14:47:59.760Z] [INFO] IndexScanner: staleScan: complete — 0 new, 0 stale, 0 deleted, 3 unchanged
[2026-03-25T14:47:59.760Z] [INFO] extension: periodicScan: no changes
[2026-03-25T14:51:08.546Z] [INFO] IndexService: indexFileContent: blog/introducing-as-notes.md → pageId=3
[2026-03-25T14:51:08.550Z] [INFO] IndexService: saveToFile: wrote 77824 bytes
[2026-03-25T14:51:08.550Z] [INFO] IndexService: saveToFile: 1.76ms
[2026-03-25T14:51:08.552Z] [INFO] completion: cache rebuilt: 3 pages, 8 fwd refs, 0 aliases (11 total)
[2026-03-25T14:51:08.553Z] [INFO] completion: rebuildCache: 1.74ms
[2026-03-25T14:51:08.945Z] [INFO] IndexService: indexFileContent: blog/introducing-as-notes.md → pageId=3
[2026-03-25T14:51:08.948Z] [INFO] debounce: indexFileContent + refresh: 9.00ms
